{"uuid":"2db3f8f8-f1cf-4bba-8178-f05a37801eff","historyId":"211985dccfef023d1a76a6c634c59c78","labels":[{"name":"feature","value":"Тестируем Ozon"},{"name":"story","value":"первый"},{"name":"tag","value":"simple"},{"name":"tag","value":"all"},{"name":"host","value":"MacBook-Pro-Admin.local"},{"name":"package","value":"Тестируем Ozon"},{"name":"suite","value":"Тестируем Ozon"},{"name":"testClass","value":"первый"},{"name":"thread","value":"67015@MacBook-Pro-Admin.local.main(1)"}],"links":[],"name":"первый","status":"failed","statusDetails":{"known":false,"muted":false,"flaky":false,"message":"The driver executable does not exist: /Users/admin/IdeaProjects/ozonFinal/driver\\chromedriver.exe","trace":"java.lang.IllegalStateException: The driver executable does not exist: /Users/admin/IdeaProjects/ozonFinal/driver\\chromedriver.exe\n\tat com.google.common.base.Preconditions.checkState(Preconditions.java:585)\n\tat org.openqa.selenium.remote.service.DriverService.checkExecutable(DriverService.java:137)\n\tat org.openqa.selenium.remote.service.DriverService.findExecutable(DriverService.java:132)\n\tat org.openqa.selenium.chrome.ChromeDriverService.access$000(ChromeDriverService.java:35)\n\tat org.openqa.selenium.chrome.ChromeDriverService$Builder.findDefaultExecutable(ChromeDriverService.java:156)\n\tat org.openqa.selenium.remote.service.DriverService$Builder.build(DriverService.java:346)\n\tat org.openqa.selenium.chrome.ChromeDriverService.createDefaultService(ChromeDriverService.java:91)\n\tat org.openqa.selenium.chrome.ChromeDriver.<init>(ChromeDriver.java:157)\n\tat tests.RunTest.init(RunTest.java:34)\n\tat sun.reflect.NativeMethodAccessorImpl.invoke0(Native Method)\n\tat sun.reflect.NativeMethodAccessorImpl.invoke(NativeMethodAccessorImpl.java:62)\n\tat sun.reflect.DelegatingMethodAccessorImpl.invoke(DelegatingMethodAccessorImpl.java:43)\n\tat java.lang.reflect.Method.invoke(Method.java:498)\n\tat cucumber.runtime.Utils$1.call(Utils.java:26)\n\tat cucumber.runtime.Timeout.timeout(Timeout.java:16)\n\tat cucumber.runtime.Utils.invoke(Utils.java:20)\n\tat cucumber.runtime.java.JavaHookDefinition.execute(JavaHookDefinition.java:60)\n\tat cucumber.runtime.HookDefinitionMatch.runStep(HookDefinitionMatch.java:14)\n\tat cucumber.runner.TestStep.executeStep(TestStep.java:55)\n\tat cucumber.runner.TestStep.run(TestStep.java:42)\n\tat cucumber.runner.TestCase.run(TestCase.java:41)\n\tat cucumber.runner.Runner.runPickle(Runner.java:44)\n\tat cucumber.runtime.junit.PickleRunners$NoStepDescriptions.run(PickleRunners.java:140)\n\tat cucumber.runtime.junit.FeatureRunner.runChild(FeatureRunner.java:68)\n\tat cucumber.runtime.junit.FeatureRunner.runChild(FeatureRunner.java:23)\n\tat org.junit.runners.ParentRunner$3.run(ParentRunner.java:290)\n\tat org.junit.runners.ParentRunner$1.schedule(ParentRunner.java:71)\n\tat org.junit.runners.ParentRunner.runChildren(ParentRunner.java:288)\n\tat org.junit.runners.ParentRunner.access$000(ParentRunner.java:58)\n\tat org.junit.runners.ParentRunner$2.evaluate(ParentRunner.java:268)\n\tat org.junit.runners.ParentRunner.run(ParentRunner.java:363)\n\tat cucumber.runtime.junit.FeatureRunner.run(FeatureRunner.java:73)\n\tat cucumber.api.junit.Cucumber.runChild(Cucumber.java:98)\n\tat cucumber.api.junit.Cucumber.runChild(Cucumber.java:55)\n\tat org.junit.runners.ParentRunner$3.run(ParentRunner.java:290)\n\tat org.junit.runners.ParentRunner$1.schedule(ParentRunner.java:71)\n\tat org.junit.runners.ParentRunner.runChildren(ParentRunner.java:288)\n\tat org.junit.runners.ParentRunner.access$000(ParentRunner.java:58)\n\tat org.junit.runners.ParentRunner$2.evaluate(ParentRunner.java:268)\n\tat cucumber.api.junit.Cucumber$1.evaluate(Cucumber.java:107)\n\tat org.junit.runners.ParentRunner.run(ParentRunner.java:363)\n\tat org.junit.runner.JUnitCore.run(JUnitCore.java:137)\n\tat com.intellij.junit4.JUnit4IdeaTestRunner.startRunnerWithArgs(JUnit4IdeaTestRunner.java:68)\n\tat com.intellij.rt.junit.IdeaTestRunner$Repeater.startRunnerWithArgs(IdeaTestRunner.java:33)\n\tat com.intellij.rt.junit.JUnitStarter.prepareStreamsAndStart(JUnitStarter.java:230)\n\tat com.intellij.rt.junit.JUnitStarter.main(JUnitStarter.java:58)\n"},"stage":"finished","start":1591543671400,"stop":1591543671562,"steps":[{"name":"before","status":"failed","statusDetails":{"known":false,"muted":false,"flaky":false,"message":"Before is failed: The driver executable does not exist: /Users/admin/IdeaProjects/ozonFinal/driver\\chromedriver.exe","trace":"java.lang.IllegalStateException: The driver executable does not exist: /Users/admin/IdeaProjects/ozonFinal/driver\\chromedriver.exe\n\tat com.google.common.base.Preconditions.checkState(Preconditions.java:585)\n\tat org.openqa.selenium.remote.service.DriverService.checkExecutable(DriverService.java:137)\n\tat org.openqa.selenium.remote.service.DriverService.findExecutable(DriverService.java:132)\n\tat org.openqa.selenium.chrome.ChromeDriverService.access$000(ChromeDriverService.java:35)\n\tat org.openqa.selenium.chrome.ChromeDriverService$Builder.findDefaultExecutable(ChromeDriverService.java:156)\n\tat org.openqa.selenium.remote.service.DriverService$Builder.build(DriverService.java:346)\n\tat org.openqa.selenium.chrome.ChromeDriverService.createDefaultService(ChromeDriverService.java:91)\n\tat org.openqa.selenium.chrome.ChromeDriver.<init>(ChromeDriver.java:157)\n\tat tests.RunTest.init(RunTest.java:34)\n\tat sun.reflect.NativeMethodAccessorImpl.invoke0(Native Method)\n\tat sun.reflect.NativeMethodAccessorImpl.invoke(NativeMethodAccessorImpl.java:62)\n\tat sun.reflect.DelegatingMethodAccessorImpl.invoke(DelegatingMethodAccessorImpl.java:43)\n\tat java.lang.reflect.Method.invoke(Method.java:498)\n\tat cucumber.runtime.Utils$1.call(Utils.java:26)\n\tat cucumber.runtime.Timeout.timeout(Timeout.java:16)\n\tat cucumber.runtime.Utils.invoke(Utils.java:20)\n\tat cucumber.runtime.java.JavaHookDefinition.execute(JavaHookDefinition.java:60)\n\tat cucumber.runtime.HookDefinitionMatch.runStep(HookDefinitionMatch.java:14)\n\tat cucumber.runner.TestStep.executeStep(TestStep.java:55)\n\tat cucumber.runner.TestStep.run(TestStep.java:42)\n\tat cucumber.runner.TestCase.run(TestCase.java:41)\n\tat cucumber.runner.Runner.runPickle(Runner.java:44)\n\tat cucumber.runtime.junit.PickleRunners$NoStepDescriptions.run(PickleRunners.java:140)\n\tat cucumber.runtime.junit.FeatureRunner.runChild(FeatureRunner.java:68)\n\tat cucumber.runtime.junit.FeatureRunner.runChild(FeatureRunner.java:23)\n\tat org.junit.runners.ParentRunner$3.run(ParentRunner.java:290)\n\tat org.junit.runners.ParentRunner$1.schedule(ParentRunner.java:71)\n\tat org.junit.runners.ParentRunner.runChildren(ParentRunner.java:288)\n\tat org.junit.runners.ParentRunner.access$000(ParentRunner.java:58)\n\tat org.junit.runners.ParentRunner$2.evaluate(ParentRunner.java:268)\n\tat org.junit.runners.ParentRunner.run(ParentRunner.java:363)\n\tat cucumber.runtime.junit.FeatureRunner.run(FeatureRunner.java:73)\n\tat cucumber.api.junit.Cucumber.runChild(Cucumber.java:98)\n\tat cucumber.api.junit.Cucumber.runChild(Cucumber.java:55)\n\tat org.junit.runners.ParentRunner$3.run(ParentRunner.java:290)\n\tat org.junit.runners.ParentRunner$1.schedule(ParentRunner.java:71)\n\tat org.junit.runners.ParentRunner.runChildren(ParentRunner.java:288)\n\tat org.junit.runners.ParentRunner.access$000(ParentRunner.java:58)\n\tat org.junit.runners.ParentRunner$2.evaluate(ParentRunner.java:268)\n\tat cucumber.api.junit.Cucumber$1.evaluate(Cucumber.java:107)\n\tat org.junit.runners.ParentRunner.run(ParentRunner.java:363)\n\tat org.junit.runner.JUnitCore.run(JUnitCore.java:137)\n\tat com.intellij.junit4.JUnit4IdeaTestRunner.startRunnerWithArgs(JUnit4IdeaTestRunner.java:68)\n\tat com.intellij.rt.junit.IdeaTestRunner$Repeater.startRunnerWithArgs(IdeaTestRunner.java:33)\n\tat com.intellij.rt.junit.JUnitStarter.prepareStreamsAndStart(JUnitStarter.java:230)\n\tat com.intellij.rt.junit.JUnitStarter.main(JUnitStarter.java:58)\n"},"stage":"finished","start":1591543671403,"stop":1591543671550},{"name":"Когда  пользователь выбирает меню \"Электроника\"","status":"skipped","stage":"finished","start":1591543671551,"stop":1591543671553},{"name":"И  выбирает меню \"Смартфоны\"","status":"skipped","stage":"finished","start":1591543671554,"stop":1591543671555},{"name":"И  выбирает производителя \"Apple\"","status":"skipped","stage":"finished","start":1591543671555,"stop":1591543671556},{"name":"И  вводит цену \"50000\"","status":"skipped","stage":"finished","start":1591543671556,"stop":1591543671556},{"name":"И  добавляет первый товар в корзину, запоминая название и цену","status":"skipped","stage":"finished","start":1591543671557,"stop":1591543671557},{"name":"И  переходит в корзину","status":"skipped","stage":"finished","start":1591543671557,"stop":1591543671557},{"name":"Тогда  проверяем есть ли товар в корзине","status":"skipped","stage":"finished","start":1591543671558,"stop":1591543671558},{"name":"Тогда  нажимаем удалить все","status":"skipped","stage":"finished","start":1591543671558,"stop":1591543671559},{"name":"Тогда  проверяем что корзина пуста","status":"skipped","stage":"finished","start":1591543671559,"stop":1591543671559},{"name":"after","status":"failed","statusDetails":{"known":false,"muted":false,"flaky":false,"message":"java.lang.NullPointerException","trace":"java.lang.NullPointerException\n\tat tests.RunTest.endTest(RunTest.java:50)\n\tat sun.reflect.NativeMethodAccessorImpl.invoke0(Native Method)\n\tat sun.reflect.NativeMethodAccessorImpl.invoke(NativeMethodAccessorImpl.java:62)\n\tat sun.reflect.DelegatingMethodAccessorImpl.invoke(DelegatingMethodAccessorImpl.java:43)\n\tat java.lang.reflect.Method.invoke(Method.java:498)\n\tat cucumber.runtime.Utils$1.call(Utils.java:26)\n\tat cucumber.runtime.Timeout.timeout(Timeout.java:16)\n\tat cucumber.runtime.Utils.invoke(Utils.java:20)\n\tat cucumber.runtime.java.JavaHookDefinition.execute(JavaHookDefinition.java:60)\n\tat cucumber.runtime.HookDefinitionMatch.runStep(HookDefinitionMatch.java:14)\n\tat cucumber.runner.TestStep.executeStep(TestStep.java:55)\n\tat cucumber.runner.TestStep.run(TestStep.java:42)\n\tat cucumber.runner.TestCase.run(TestCase.java:53)\n\tat cucumber.runner.Runner.runPickle(Runner.java:44)\n\tat cucumber.runtime.junit.PickleRunners$NoStepDescriptions.run(PickleRunners.java:140)\n\tat cucumber.runtime.junit.FeatureRunner.runChild(FeatureRunner.java:68)\n\tat cucumber.runtime.junit.FeatureRunner.runChild(FeatureRunner.java:23)\n\tat org.junit.runners.ParentRunner$3.run(ParentRunner.java:290)\n\tat org.junit.runners.ParentRunner$1.schedule(ParentRunner.java:71)\n\tat org.junit.runners.ParentRunner.runChildren(ParentRunner.java:288)\n\tat org.junit.runners.ParentRunner.access$000(ParentRunner.java:58)\n\tat org.junit.runners.ParentRunner$2.evaluate(ParentRunner.java:268)\n\tat org.junit.runners.ParentRunner.run(ParentRunner.java:363)\n\tat cucumber.runtime.junit.FeatureRunner.run(FeatureRunner.java:73)\n\tat cucumber.api.junit.Cucumber.runChild(Cucumber.java:98)\n\tat cucumber.api.junit.Cucumber.runChild(Cucumber.java:55)\n\tat org.junit.runners.ParentRunner$3.run(ParentRunner.java:290)\n\tat org.junit.runners.ParentRunner$1.schedule(ParentRunner.java:71)\n\tat org.junit.runners.ParentRunner.runChildren(ParentRunner.java:288)\n\tat org.junit.runners.ParentRunner.access$000(ParentRunner.java:58)\n\tat org.junit.runners.ParentRunner$2.evaluate(ParentRunner.java:268)\n\tat cucumber.api.junit.Cucumber$1.evaluate(Cucumber.java:107)\n\tat org.junit.runners.ParentRunner.run(ParentRunner.java:363)\n\tat org.junit.runner.JUnitCore.run(JUnitCore.java:137)\n\tat com.intellij.junit4.JUnit4IdeaTestRunner.startRunnerWithArgs(JUnit4IdeaTestRunner.java:68)\n\tat com.intellij.rt.junit.IdeaTestRunner$Repeater.startRunnerWithArgs(IdeaTestRunner.java:33)\n\tat com.intellij.rt.junit.JUnitStarter.prepareStreamsAndStart(JUnitStarter.java:230)\n\tat com.intellij.rt.junit.JUnitStarter.main(JUnitStarter.java:58)\n"},"stage":"finished","start":1591543671560,"stop":1591543671560}]}