{"uuid":"9148ffac-5b5d-4ccb-8844-196c0f8e7a7d","historyId":"211985dccfef023d1a76a6c634c59c78","labels":[{"name":"feature","value":"Тестируем Ozon"},{"name":"story","value":"первый"},{"name":"tag","value":"simple"},{"name":"tag","value":"all"},{"name":"host","value":"MacBook-Pro-Admin.local"},{"name":"package","value":"Тестируем Ozon"},{"name":"suite","value":"Тестируем Ozon"},{"name":"testClass","value":"первый"},{"name":"thread","value":"67177@MacBook-Pro-Admin.local.main(1)"}],"links":[],"name":"первый","status":"failed","statusDetails":{"known":false,"muted":false,"flaky":false,"message":"session not created: This version of ChromeDriver only supports Chrome version 84\nBuild info: version: '3.14.0', revision: 'aacccce0', time: '2018-08-02T20:19:58.91Z'\nSystem info: host: 'MacBook-Pro-Admin.local', ip: 'fe80:0:0:0:1070:4745:aa79:3470%en0', os.name: 'Mac OS X', os.arch: 'x86_64', os.version: '10.15.4', java.version: '1.8.0_252'\nDriver info: driver.version: ChromeDriver\nremote stacktrace: 0   chromedriver                        0x0000000107428c49 chromedriver + 4893769\n1   chromedriver                        0x00000001073c20e3 chromedriver + 4473059\n2   chromedriver                        0x00000001070358fd chromedriver + 751869\n3   chromedriver                        0x0000000106f973b9 chromedriver + 103353\n4   chromedriver                        0x0000000106f93696 chromedriver + 87702\n5   chromedriver                        0x0000000106f909b9 chromedriver + 76217\n6   chromedriver                        0x0000000106fc3043 chromedriver + 282691\n7   chromedriver                        0x0000000106fbfe43 chromedriver + 269891\n8   chromedriver                        0x0000000106f9962a chromedriver + 112170\n9   chromedriver                        0x0000000106f9a635 chromedriver + 116277\n10  chromedriver                        0x00000001073ea5af chromedriver + 4638127\n11  chromedriver                        0x00000001073f791b chromedriver + 4692251\n12  chromedriver                        0x00000001073f76bb chromedriver + 4691643\n13  chromedriver                        0x00000001073ce109 chromedriver + 4522249\n14  chromedriver                        0x00000001073f7ea3 chromedriver + 4693667\n15  chromedriver                        0x00000001073e0073 chromedriver + 4595827\n16  chromedriver                        0x000000010740f094 chromedriver + 4788372\n17  chromedriver                        0x000000010742edb7 chromedriver + 4918711\n18  libsystem_pthread.dylib             0x00007fff67c0e109 _pthread_start + 148\n19  libsystem_pthread.dylib             0x00007fff67c09b8b thread_start + 15\n","trace":"org.openqa.selenium.SessionNotCreatedException: session not created: This version of ChromeDriver only supports Chrome version 84\nBuild info: version: '3.14.0', revision: 'aacccce0', time: '2018-08-02T20:19:58.91Z'\nSystem info: host: 'MacBook-Pro-Admin.local', ip: 'fe80:0:0:0:1070:4745:aa79:3470%en0', os.name: 'Mac OS X', os.arch: 'x86_64', os.version: '10.15.4', java.version: '1.8.0_252'\nDriver info: driver.version: ChromeDriver\nremote stacktrace: 0   chromedriver                        0x0000000107428c49 chromedriver + 4893769\n1   chromedriver                        0x00000001073c20e3 chromedriver + 4473059\n2   chromedriver                        0x00000001070358fd chromedriver + 751869\n3   chromedriver                        0x0000000106f973b9 chromedriver + 103353\n4   chromedriver                        0x0000000106f93696 chromedriver + 87702\n5   chromedriver                        0x0000000106f909b9 chromedriver + 76217\n6   chromedriver                        0x0000000106fc3043 chromedriver + 282691\n7   chromedriver                        0x0000000106fbfe43 chromedriver + 269891\n8   chromedriver                        0x0000000106f9962a chromedriver + 112170\n9   chromedriver                        0x0000000106f9a635 chromedriver + 116277\n10  chromedriver                        0x00000001073ea5af chromedriver + 4638127\n11  chromedriver                        0x00000001073f791b chromedriver + 4692251\n12  chromedriver                        0x00000001073f76bb chromedriver + 4691643\n13  chromedriver                        0x00000001073ce109 chromedriver + 4522249\n14  chromedriver                        0x00000001073f7ea3 chromedriver + 4693667\n15  chromedriver                        0x00000001073e0073 chromedriver + 4595827\n16  chromedriver                        0x000000010740f094 chromedriver + 4788372\n17  chromedriver                        0x000000010742edb7 chromedriver + 4918711\n18  libsystem_pthread.dylib             0x00007fff67c0e109 _pthread_start + 148\n19  libsystem_pthread.dylib             0x00007fff67c09b8b thread_start + 15\n\n\tat sun.reflect.NativeConstructorAccessorImpl.newInstance0(Native Method)\n\tat sun.reflect.NativeConstructorAccessorImpl.newInstance(NativeConstructorAccessorImpl.java:62)\n\tat sun.reflect.DelegatingConstructorAccessorImpl.newInstance(DelegatingConstructorAccessorImpl.java:45)\n\tat java.lang.reflect.Constructor.newInstance(Constructor.java:423)\n\tat org.openqa.selenium.remote.W3CHandshakeResponse.lambda$new$0(W3CHandshakeResponse.java:57)\n\tat org.openqa.selenium.remote.W3CHandshakeResponse.lambda$getResponseFunction$2(W3CHandshakeResponse.java:104)\n\tat org.openqa.selenium.remote.ProtocolHandshake.lambda$createSession$0(ProtocolHandshake.java:122)\n\tat java.util.stream.ReferencePipeline$3$1.accept(ReferencePipeline.java:193)\n\tat java.util.Spliterators$ArraySpliterator.tryAdvance(Spliterators.java:958)\n\tat java.util.stream.ReferencePipeline.forEachWithCancel(ReferencePipeline.java:126)\n\tat java.util.stream.AbstractPipeline.copyIntoWithCancel(AbstractPipeline.java:499)\n\tat java.util.stream.AbstractPipeline.copyInto(AbstractPipeline.java:486)\n\tat java.util.stream.AbstractPipeline.wrapAndCopyInto(AbstractPipeline.java:472)\n\tat java.util.stream.FindOps$FindOp.evaluateSequential(FindOps.java:152)\n\tat java.util.stream.AbstractPipeline.evaluate(AbstractPipeline.java:234)\n\tat java.util.stream.ReferencePipeline.findFirst(ReferencePipeline.java:531)\n\tat org.openqa.selenium.remote.ProtocolHandshake.createSession(ProtocolHandshake.java:125)\n\tat org.openqa.selenium.remote.ProtocolHandshake.createSession(ProtocolHandshake.java:73)\n\tat org.openqa.selenium.remote.HttpCommandExecutor.execute(HttpCommandExecutor.java:136)\n\tat org.openqa.selenium.remote.service.DriverCommandExecutor.execute(DriverCommandExecutor.java:83)\n\tat org.openqa.selenium.remote.RemoteWebDriver.execute(RemoteWebDriver.java:548)\n\tat org.openqa.selenium.remote.RemoteWebDriver.startSession(RemoteWebDriver.java:212)\n\tat org.openqa.selenium.remote.RemoteWebDriver.<init>(RemoteWebDriver.java:130)\n\tat org.openqa.selenium.chrome.ChromeDriver.<init>(ChromeDriver.java:181)\n\tat org.openqa.selenium.chrome.ChromeDriver.<init>(ChromeDriver.java:168)\n\tat org.openqa.selenium.chrome.ChromeDriver.<init>(ChromeDriver.java:157)\n\tat tests.RunTest.init(RunTest.java:34)\n\tat sun.reflect.NativeMethodAccessorImpl.invoke0(Native Method)\n\tat sun.reflect.NativeMethodAccessorImpl.invoke(NativeMethodAccessorImpl.java:62)\n\tat sun.reflect.DelegatingMethodAccessorImpl.invoke(DelegatingMethodAccessorImpl.java:43)\n\tat java.lang.reflect.Method.invoke(Method.java:498)\n\tat cucumber.runtime.Utils$1.call(Utils.java:26)\n\tat cucumber.runtime.Timeout.timeout(Timeout.java:16)\n\tat cucumber.runtime.Utils.invoke(Utils.java:20)\n\tat cucumber.runtime.java.JavaHookDefinition.execute(JavaHookDefinition.java:60)\n\tat cucumber.runtime.HookDefinitionMatch.runStep(HookDefinitionMatch.java:14)\n\tat cucumber.runner.TestStep.executeStep(TestStep.java:55)\n\tat cucumber.runner.TestStep.run(TestStep.java:42)\n\tat cucumber.runner.TestCase.run(TestCase.java:41)\n\tat cucumber.runner.Runner.runPickle(Runner.java:44)\n\tat cucumber.runtime.junit.PickleRunners$NoStepDescriptions.run(PickleRunners.java:140)\n\tat cucumber.runtime.junit.FeatureRunner.runChild(FeatureRunner.java:68)\n\tat cucumber.runtime.junit.FeatureRunner.runChild(FeatureRunner.java:23)\n\tat org.junit.runners.ParentRunner$3.run(ParentRunner.java:290)\n\tat org.junit.runners.ParentRunner$1.schedule(ParentRunner.java:71)\n\tat org.junit.runners.ParentRunner.runChildren(ParentRunner.java:288)\n\tat org.junit.runners.ParentRunner.access$000(ParentRunner.java:58)\n\tat org.junit.runners.ParentRunner$2.evaluate(ParentRunner.java:268)\n\tat org.junit.runners.ParentRunner.run(ParentRunner.java:363)\n\tat cucumber.runtime.junit.FeatureRunner.run(FeatureRunner.java:73)\n\tat cucumber.api.junit.Cucumber.runChild(Cucumber.java:98)\n\tat cucumber.api.junit.Cucumber.runChild(Cucumber.java:55)\n\tat org.junit.runners.ParentRunner$3.run(ParentRunner.java:290)\n\tat org.junit.runners.ParentRunner$1.schedule(ParentRunner.java:71)\n\tat org.junit.runners.ParentRunner.runChildren(ParentRunner.java:288)\n\tat org.junit.runners.ParentRunner.access$000(ParentRunner.java:58)\n\tat org.junit.runners.ParentRunner$2.evaluate(ParentRunner.java:268)\n\tat cucumber.api.junit.Cucumber$1.evaluate(Cucumber.java:107)\n\tat org.junit.runners.ParentRunner.run(ParentRunner.java:363)\n\tat org.junit.runner.JUnitCore.run(JUnitCore.java:137)\n\tat com.intellij.junit4.JUnit4IdeaTestRunner.startRunnerWithArgs(JUnit4IdeaTestRunner.java:68)\n\tat com.intellij.rt.junit.IdeaTestRunner$Repeater.startRunnerWithArgs(IdeaTestRunner.java:33)\n\tat com.intellij.rt.junit.JUnitStarter.prepareStreamsAndStart(JUnitStarter.java:230)\n\tat com.intellij.rt.junit.JUnitStarter.main(JUnitStarter.java:58)\n"},"stage":"finished","start":1591544151205,"stop":1591544157161,"steps":[{"name":"before","status":"failed","statusDetails":{"known":false,"muted":false,"flaky":false,"message":"Before is failed: session not created: This version of ChromeDriver only supports Chrome version 84\nBuild info: version: '3.14.0', revision: 'aacccce0', time: '2018-08-02T20:19:58.91Z'\nSystem info: host: 'MacBook-Pro-Admin.local', ip: 'fe80:0:0:0:1070:4745:aa79:3470%en0', os.name: 'Mac OS X', os.arch: 'x86_64', os.version: '10.15.4', java.version: '1.8.0_252'\nDriver info: driver.version: ChromeDriver\nremote stacktrace: 0   chromedriver                        0x0000000107428c49 chromedriver + 4893769\n1   chromedriver                        0x00000001073c20e3 chromedriver + 4473059\n2   chromedriver                        0x00000001070358fd chromedriver + 751869\n3   chromedriver                        0x0000000106f973b9 chromedriver + 103353\n4   chromedriver                        0x0000000106f93696 chromedriver + 87702\n5   chromedriver                        0x0000000106f909b9 chromedriver + 76217\n6   chromedriver                        0x0000000106fc3043 chromedriver + 282691\n7   chromedriver                        0x0000000106fbfe43 chromedriver + 269891\n8   chromedriver                        0x0000000106f9962a chromedriver + 112170\n9   chromedriver                        0x0000000106f9a635 chromedriver + 116277\n10  chromedriver                        0x00000001073ea5af chromedriver + 4638127\n11  chromedriver                        0x00000001073f791b chromedriver + 4692251\n12  chromedriver                        0x00000001073f76bb chromedriver + 4691643\n13  chromedriver                        0x00000001073ce109 chromedriver + 4522249\n14  chromedriver                        0x00000001073f7ea3 chromedriver + 4693667\n15  chromedriver                        0x00000001073e0073 chromedriver + 4595827\n16  chromedriver                        0x000000010740f094 chromedriver + 4788372\n17  chromedriver                        0x000000010742edb7 chromedriver + 4918711\n18  libsystem_pthread.dylib             0x00007fff67c0e109 _pthread_start + 148\n19  libsystem_pthread.dylib             0x00007fff67c09b8b thread_start + 15\n","trace":"org.openqa.selenium.SessionNotCreatedException: session not created: This version of ChromeDriver only supports Chrome version 84\nBuild info: version: '3.14.0', revision: 'aacccce0', time: '2018-08-02T20:19:58.91Z'\nSystem info: host: 'MacBook-Pro-Admin.local', ip: 'fe80:0:0:0:1070:4745:aa79:3470%en0', os.name: 'Mac OS X', os.arch: 'x86_64', os.version: '10.15.4', java.version: '1.8.0_252'\nDriver info: driver.version: ChromeDriver\nremote stacktrace: 0   chromedriver                        0x0000000107428c49 chromedriver + 4893769\n1   chromedriver                        0x00000001073c20e3 chromedriver + 4473059\n2   chromedriver                        0x00000001070358fd chromedriver + 751869\n3   chromedriver                        0x0000000106f973b9 chromedriver + 103353\n4   chromedriver                        0x0000000106f93696 chromedriver + 87702\n5   chromedriver                        0x0000000106f909b9 chromedriver + 76217\n6   chromedriver                        0x0000000106fc3043 chromedriver + 282691\n7   chromedriver                        0x0000000106fbfe43 chromedriver + 269891\n8   chromedriver                        0x0000000106f9962a chromedriver + 112170\n9   chromedriver                        0x0000000106f9a635 chromedriver + 116277\n10  chromedriver                        0x00000001073ea5af chromedriver + 4638127\n11  chromedriver                        0x00000001073f791b chromedriver + 4692251\n12  chromedriver                        0x00000001073f76bb chromedriver + 4691643\n13  chromedriver                        0x00000001073ce109 chromedriver + 4522249\n14  chromedriver                        0x00000001073f7ea3 chromedriver + 4693667\n15  chromedriver                        0x00000001073e0073 chromedriver + 4595827\n16  chromedriver                        0x000000010740f094 chromedriver + 4788372\n17  chromedriver                        0x000000010742edb7 chromedriver + 4918711\n18  libsystem_pthread.dylib             0x00007fff67c0e109 _pthread_start + 148\n19  libsystem_pthread.dylib             0x00007fff67c09b8b thread_start + 15\n\n\tat sun.reflect.NativeConstructorAccessorImpl.newInstance0(Native Method)\n\tat sun.reflect.NativeConstructorAccessorImpl.newInstance(NativeConstructorAccessorImpl.java:62)\n\tat sun.reflect.DelegatingConstructorAccessorImpl.newInstance(DelegatingConstructorAccessorImpl.java:45)\n\tat java.lang.reflect.Constructor.newInstance(Constructor.java:423)\n\tat org.openqa.selenium.remote.W3CHandshakeResponse.lambda$new$0(W3CHandshakeResponse.java:57)\n\tat org.openqa.selenium.remote.W3CHandshakeResponse.lambda$getResponseFunction$2(W3CHandshakeResponse.java:104)\n\tat org.openqa.selenium.remote.ProtocolHandshake.lambda$createSession$0(ProtocolHandshake.java:122)\n\tat java.util.stream.ReferencePipeline$3$1.accept(ReferencePipeline.java:193)\n\tat java.util.Spliterators$ArraySpliterator.tryAdvance(Spliterators.java:958)\n\tat java.util.stream.ReferencePipeline.forEachWithCancel(ReferencePipeline.java:126)\n\tat java.util.stream.AbstractPipeline.copyIntoWithCancel(AbstractPipeline.java:499)\n\tat java.util.stream.AbstractPipeline.copyInto(AbstractPipeline.java:486)\n\tat java.util.stream.AbstractPipeline.wrapAndCopyInto(AbstractPipeline.java:472)\n\tat java.util.stream.FindOps$FindOp.evaluateSequential(FindOps.java:152)\n\tat java.util.stream.AbstractPipeline.evaluate(AbstractPipeline.java:234)\n\tat java.util.stream.ReferencePipeline.findFirst(ReferencePipeline.java:531)\n\tat org.openqa.selenium.remote.ProtocolHandshake.createSession(ProtocolHandshake.java:125)\n\tat org.openqa.selenium.remote.ProtocolHandshake.createSession(ProtocolHandshake.java:73)\n\tat org.openqa.selenium.remote.HttpCommandExecutor.execute(HttpCommandExecutor.java:136)\n\tat org.openqa.selenium.remote.service.DriverCommandExecutor.execute(DriverCommandExecutor.java:83)\n\tat org.openqa.selenium.remote.RemoteWebDriver.execute(RemoteWebDriver.java:548)\n\tat org.openqa.selenium.remote.RemoteWebDriver.startSession(RemoteWebDriver.java:212)\n\tat org.openqa.selenium.remote.RemoteWebDriver.<init>(RemoteWebDriver.java:130)\n\tat org.openqa.selenium.chrome.ChromeDriver.<init>(ChromeDriver.java:181)\n\tat org.openqa.selenium.chrome.ChromeDriver.<init>(ChromeDriver.java:168)\n\tat org.openqa.selenium.chrome.ChromeDriver.<init>(ChromeDriver.java:157)\n\tat tests.RunTest.init(RunTest.java:34)\n\tat sun.reflect.NativeMethodAccessorImpl.invoke0(Native Method)\n\tat sun.reflect.NativeMethodAccessorImpl.invoke(NativeMethodAccessorImpl.java:62)\n\tat sun.reflect.DelegatingMethodAccessorImpl.invoke(DelegatingMethodAccessorImpl.java:43)\n\tat java.lang.reflect.Method.invoke(Method.java:498)\n\tat cucumber.runtime.Utils$1.call(Utils.java:26)\n\tat cucumber.runtime.Timeout.timeout(Timeout.java:16)\n\tat cucumber.runtime.Utils.invoke(Utils.java:20)\n\tat cucumber.runtime.java.JavaHookDefinition.execute(JavaHookDefinition.java:60)\n\tat cucumber.runtime.HookDefinitionMatch.runStep(HookDefinitionMatch.java:14)\n\tat cucumber.runner.TestStep.executeStep(TestStep.java:55)\n\tat cucumber.runner.TestStep.run(TestStep.java:42)\n\tat cucumber.runner.TestCase.run(TestCase.java:41)\n\tat cucumber.runner.Runner.runPickle(Runner.java:44)\n\tat cucumber.runtime.junit.PickleRunners$NoStepDescriptions.run(PickleRunners.java:140)\n\tat cucumber.runtime.junit.FeatureRunner.runChild(FeatureRunner.java:68)\n\tat cucumber.runtime.junit.FeatureRunner.runChild(FeatureRunner.java:23)\n\tat org.junit.runners.ParentRunner$3.run(ParentRunner.java:290)\n\tat org.junit.runners.ParentRunner$1.schedule(ParentRunner.java:71)\n\tat org.junit.runners.ParentRunner.runChildren(ParentRunner.java:288)\n\tat org.junit.runners.ParentRunner.access$000(ParentRunner.java:58)\n\tat org.junit.runners.ParentRunner$2.evaluate(ParentRunner.java:268)\n\tat org.junit.runners.ParentRunner.run(ParentRunner.java:363)\n\tat cucumber.runtime.junit.FeatureRunner.run(FeatureRunner.java:73)\n\tat cucumber.api.junit.Cucumber.runChild(Cucumber.java:98)\n\tat cucumber.api.junit.Cucumber.runChild(Cucumber.java:55)\n\tat org.junit.runners.ParentRunner$3.run(ParentRunner.java:290)\n\tat org.junit.runners.ParentRunner$1.schedule(ParentRunner.java:71)\n\tat org.junit.runners.ParentRunner.runChildren(ParentRunner.java:288)\n\tat org.junit.runners.ParentRunner.access$000(ParentRunner.java:58)\n\tat org.junit.runners.ParentRunner$2.evaluate(ParentRunner.java:268)\n\tat cucumber.api.junit.Cucumber$1.evaluate(Cucumber.java:107)\n\tat org.junit.runners.ParentRunner.run(ParentRunner.java:363)\n\tat org.junit.runner.JUnitCore.run(JUnitCore.java:137)\n\tat com.intellij.junit4.JUnit4IdeaTestRunner.startRunnerWithArgs(JUnit4IdeaTestRunner.java:68)\n\tat com.intellij.rt.junit.IdeaTestRunner$Repeater.startRunnerWithArgs(IdeaTestRunner.java:33)\n\tat com.intellij.rt.junit.JUnitStarter.prepareStreamsAndStart(JUnitStarter.java:230)\n\tat com.intellij.rt.junit.JUnitStarter.main(JUnitStarter.java:58)\n"},"stage":"finished","start":1591544151209,"stop":1591544157147},{"name":"Когда  пользователь выбирает меню \"Электроника\"","status":"skipped","stage":"finished","start":1591544157149,"stop":1591544157152},{"name":"И  выбирает меню \"Смартфоны\"","status":"skipped","stage":"finished","start":1591544157153,"stop":1591544157154},{"name":"И  выбирает производителя \"Apple\"","status":"skipped","stage":"finished","start":1591544157154,"stop":1591544157154},{"name":"И  вводит цену \"50000\"","status":"skipped","stage":"finished","start":1591544157155,"stop":1591544157155},{"name":"И  добавляет первый товар в корзину, запоминая название и цену","status":"skipped","stage":"finished","start":1591544157155,"stop":1591544157155},{"name":"И  переходит в корзину","status":"skipped","stage":"finished","start":1591544157156,"stop":1591544157156},{"name":"Тогда  проверяем есть ли товар в корзине","status":"skipped","stage":"finished","start":1591544157156,"stop":1591544157157},{"name":"Тогда  нажимаем удалить все","status":"skipped","stage":"finished","start":1591544157157,"stop":1591544157157},{"name":"Тогда  проверяем что корзина пуста","status":"skipped","stage":"finished","start":1591544157157,"stop":1591544157158},{"name":"after","status":"failed","statusDetails":{"known":false,"muted":false,"flaky":false,"message":"java.lang.NullPointerException","trace":"java.lang.NullPointerException\n\tat tests.RunTest.endTest(RunTest.java:50)\n\tat sun.reflect.NativeMethodAccessorImpl.invoke0(Native Method)\n\tat sun.reflect.NativeMethodAccessorImpl.invoke(NativeMethodAccessorImpl.java:62)\n\tat sun.reflect.DelegatingMethodAccessorImpl.invoke(DelegatingMethodAccessorImpl.java:43)\n\tat java.lang.reflect.Method.invoke(Method.java:498)\n\tat cucumber.runtime.Utils$1.call(Utils.java:26)\n\tat cucumber.runtime.Timeout.timeout(Timeout.java:16)\n\tat cucumber.runtime.Utils.invoke(Utils.java:20)\n\tat cucumber.runtime.java.JavaHookDefinition.execute(JavaHookDefinition.java:60)\n\tat cucumber.runtime.HookDefinitionMatch.runStep(HookDefinitionMatch.java:14)\n\tat cucumber.runner.TestStep.executeStep(TestStep.java:55)\n\tat cucumber.runner.TestStep.run(TestStep.java:42)\n\tat cucumber.runner.TestCase.run(TestCase.java:53)\n\tat cucumber.runner.Runner.runPickle(Runner.java:44)\n\tat cucumber.runtime.junit.PickleRunners$NoStepDescriptions.run(PickleRunners.java:140)\n\tat cucumber.runtime.junit.FeatureRunner.runChild(FeatureRunner.java:68)\n\tat cucumber.runtime.junit.FeatureRunner.runChild(FeatureRunner.java:23)\n\tat org.junit.runners.ParentRunner$3.run(ParentRunner.java:290)\n\tat org.junit.runners.ParentRunner$1.schedule(ParentRunner.java:71)\n\tat org.junit.runners.ParentRunner.runChildren(ParentRunner.java:288)\n\tat org.junit.runners.ParentRunner.access$000(ParentRunner.java:58)\n\tat org.junit.runners.ParentRunner$2.evaluate(ParentRunner.java:268)\n\tat org.junit.runners.ParentRunner.run(ParentRunner.java:363)\n\tat cucumber.runtime.junit.FeatureRunner.run(FeatureRunner.java:73)\n\tat cucumber.api.junit.Cucumber.runChild(Cucumber.java:98)\n\tat cucumber.api.junit.Cucumber.runChild(Cucumber.java:55)\n\tat org.junit.runners.ParentRunner$3.run(ParentRunner.java:290)\n\tat org.junit.runners.ParentRunner$1.schedule(ParentRunner.java:71)\n\tat org.junit.runners.ParentRunner.runChildren(ParentRunner.java:288)\n\tat org.junit.runners.ParentRunner.access$000(ParentRunner.java:58)\n\tat org.junit.runners.ParentRunner$2.evaluate(ParentRunner.java:268)\n\tat cucumber.api.junit.Cucumber$1.evaluate(Cucumber.java:107)\n\tat org.junit.runners.ParentRunner.run(ParentRunner.java:363)\n\tat org.junit.runner.JUnitCore.run(JUnitCore.java:137)\n\tat com.intellij.junit4.JUnit4IdeaTestRunner.startRunnerWithArgs(JUnit4IdeaTestRunner.java:68)\n\tat com.intellij.rt.junit.IdeaTestRunner$Repeater.startRunnerWithArgs(IdeaTestRunner.java:33)\n\tat com.intellij.rt.junit.JUnitStarter.prepareStreamsAndStart(JUnitStarter.java:230)\n\tat com.intellij.rt.junit.JUnitStarter.main(JUnitStarter.java:58)\n"},"stage":"finished","start":1591544157158,"stop":1591544157159}]}